<?xml version="1.0" encoding="UTF-8"?>
<testng-results skipped="0" failed="0" ignored="0" total="1" passed="1">
  <reporter-output>
  </reporter-output>
  <suite name="Default suite" duration-ms="44" started-at="2017-11-14T09:55:55Z" finished-at="2017-11-14T09:55:55Z">
    <groups>
    </groups>
    <test name="Default test" duration-ms="44" started-at="2017-11-14T09:55:55Z" finished-at="2017-11-14T09:55:55Z">
      <class name="demo.jenkinsTest">
        <test-method status="PASS" signature="test()[pri:0, instance:demo.jenkinsTest@215be6bb]" name="test" duration-ms="11" started-at="2017-11-14T15:25:55Z" finished-at="2017-11-14T15:25:55Z">
          <reporter-output>
          </reporter-output>
        </test-method> <!-- test -->
      </class> <!-- demo.jenkinsTest -->
    </test> <!-- Default test -->
  </suite> <!-- Default suite -->
</testng-results>
